#
# There is insufficient memory for the Java Runtime Environment to continue.
# Native memory allocation (malloc) failed to allocate 1048576 bytes for AllocateHeap
# Possible reasons:
#   The system is out of physical RAM or swap space
#   The process is running with CompressedOops enabled, and the Java Heap may be blocking the growth of the native heap
# Possible solutions:
#   Reduce memory load on the system
#   Increase physical memory or swap space
#   Check if swap backing store is full
#   Decrease Java heap size (-Xmx/-Xms)
#   Decrease number of Java threads
#   Decrease Java thread stack sizes (-Xss)
#   Set larger code cache with -XX:ReservedCodeCacheSize=
#   JVM is running with Unscaled Compressed Oops mode in which the Java heap is
#     placed in the first 4GB address space. The Java Heap base address is the
#     maximum limit for the native heap growth. Please use -XX:HeapBaseMinAddress
#     to set the Java Heap base and to place the Java Heap above 4GB virtual address.
# This output file may be truncated or incomplete.
#
#  Out of Memory Error (memory/allocation.inline.hpp:61), pid=912, tid=0x0000000000002624
#
# JRE version:  (8.0_202-b08) (build )
# Java VM: Java HotSpot(TM) 64-Bit Server VM (25.202-b08 mixed mode windows-amd64 compressed oops)
# Failed to write core dump. Minidumps are not enabled by default on client versions of Windows
#

---------------  T H R E A D  ---------------

Current thread (0x000000000422e000):  JavaThread "Unknown thread" [_thread_in_vm, id=9764, stack(0x0000000004230000,0x0000000004330000)]

Stack: [0x0000000004230000,0x0000000004330000]
[error occurred during error reporting (printing stack bounds), id 0xc0000005]

Native frames: (J=compiled Java code, j=interpreted, Vv=VM code, C=native code)


---------------  P R O C E S S  ---------------

Java Threads: ( => current thread )

Other Threads:

=>0x000000000422e000 (exited) JavaThread "Unknown thread" [_thread_in_vm, id=9764, stack(0x0000000004230000,0x0000000004330000)]

VM state:not at safepoint (normal execution)

VM Mutex/Monitor currently owned by a thread: None

heap address: 0x0000000081600000, size: 2026 MB, Compressed Oops mode: 32-bit
Narrow klass base: 0x0000000000000000, Narrow klass shift: 3
Compressed class space size: 1073741824 Address: 0x0000000100000000

Heap:
 PSYoungGen      total 38400K, used 665K [0x00000000d5d00000, 0x00000000d8780000, 0x0000000100000000)
  eden space 33280K, 2% used [0x00000000d5d00000,0x00000000d5da6670,0x00000000d7d80000)
  from space 5120K, 0% used [0x00000000d8280000,0x00000000d8280000,0x00000000d8780000)
  to   space 5120K, 0% used [0x00000000d7d80000,0x00000000d7d80000,0x00000000d8280000)
 ParOldGen       total 87552K, used 0K [0x0000000081600000, 0x0000000086b80000, 0x00000000d5d00000)
  object space 87552K, 0% used [0x0000000081600000,0x0000000081600000,0x0000000086b80000)
 Metaspace       used 751K, capacity 4480K, committed 4480K, reserved 1056768K
  class space    used 76K, capacity 384K, committed 384K, reserved 1048576K

Card table byte_map: [0x00000000137f0000,0x0000000013bf0000] byte_map_base: 0x00000000133e5000

Marking Bits: (ParMarkBitMap*) 0x0000000068685ce0
 Begin Bits: [0x00000000142a0000, 0x0000000016248000)
 End Bits:   [0x0000000016248000, 0x00000000181f0000)

Polling page: 0x00000000001f0000

CodeCache: size=245760Kb used=328Kb max_used=328Kb free=245431Kb
 bounds [0x0000000004430000, 0x00000000046a0000, 0x0000000013430000]
 total_blobs=58 nmethods=0 adapters=38
 compilation: enabled

Compilation events (0 events):
No events

GC Heap History (0 events):
No events

Deoptimization events (0 events):
No events

Classes redefined (0 events):
No events

Internal exceptions (0 events):
No events

Events (10 events):
Event: 0.024 loading class java/lang/Short
Event: 0.024 loading class java/lang/Short done
Event: 0.024 loading class java/lang/Integer
Event: 0.024 loading class java/lang/Integer done
Event: 0.024 loading class java/lang/Long
Event: 0.025 loading class java/lang/Long done
Event: 0.025 loading class java/lang/NullPointerException
Event: 0.025 loading class java/lang/NullPointerException done
Event: 0.025 loading class java/lang/ArithmeticException
Event: 0.025 loading class java/lang/ArithmeticException done


Dynamic libraries:
0x00007ff76a3c0000 - 0x00007ff76a3f7000 	C:\Program Files\Java\jre1.8.0_202\bin\javaw.exe
0x00007fffab390000 - 0x00007fffab570000 	C:\WINDOWS\SYSTEM32\ntdll.dll
0x00007fffaaa40000 - 0x00007fffaaaee000 	C:\WINDOWS\System32\KERNEL32.DLL
0x00007fffa7830000 - 0x00007fffa7a96000 	C:\WINDOWS\System32\KERNELBASE.dll
0x00007fffa9240000 - 0x00007fffa92e1000 	C:\WINDOWS\System32\ADVAPI32.dll
0x00007fffa8f80000 - 0x00007fffa901d000 	C:\WINDOWS\System32\msvcrt.dll
0x00007fffa91d0000 - 0x00007fffa922b000 	C:\WINDOWS\System32\sechost.dll
0x00007fffab0d0000 - 0x00007fffab1ef000 	C:\WINDOWS\System32\RPCRT4.dll
0x00007fffa8dc0000 - 0x00007fffa8f4f000 	C:\WINDOWS\System32\USER32.dll
0x00007fffa7aa0000 - 0x00007fffa7ac0000 	C:\WINDOWS\System32\win32u.dll
0x00007fffa8f50000 - 0x00007fffa8f78000 	C:\WINDOWS\System32\GDI32.dll
0x00007fffa86c0000 - 0x00007fffa8853000 	C:\WINDOWS\System32\gdi32full.dll
0x00007fffa7790000 - 0x00007fffa782b000 	C:\WINDOWS\System32\msvcp_win.dll
0x00007fffa7ac0000 - 0x00007fffa7bb6000 	C:\WINDOWS\System32\ucrtbase.dll
0x00007fff93890000 - 0x00007fff93af9000 	C:\WINDOWS\WinSxS\amd64_microsoft.windows.common-controls_6595b64144ccf1df_6.0.16299.125_none_15cbcf8893620c09\COMCTL32.dll
0x00007fffa92f0000 - 0x00007fffa95f8000 	C:\WINDOWS\System32\combase.dll
0x00007fffa8640000 - 0x00007fffa86b2000 	C:\WINDOWS\System32\bcryptPrimitives.dll
0x00007fffa8990000 - 0x00007fffa89bd000 	C:\WINDOWS\System32\IMM32.DLL
0x00007fffa7320000 - 0x00007fffa735c000 	C:\WINDOWS\system32\SophosAV\SOPHOS~1.DLL
0x00007fffa90f0000 - 0x00007fffa90f8000 	C:\WINDOWS\System32\PSAPI.DLL
0x0000000068d30000 - 0x0000000068e02000 	C:\Program Files\Java\jre1.8.0_202\bin\msvcr100.dll
0x0000000067e60000 - 0x0000000068705000 	C:\Program Files\Java\jre1.8.0_202\bin\server\jvm.dll
0x00007fff98130000 - 0x00007fff98139000 	C:\WINDOWS\SYSTEM32\WSOCK32.dll
0x00007fffa4090000 - 0x00007fffa40b3000 	C:\WINDOWS\SYSTEM32\WINMM.dll
0x00007fffa8bb0000 - 0x00007fffa8c1c000 	C:\WINDOWS\System32\WS2_32.dll
0x00007fffa25e0000 - 0x00007fffa25ea000 	C:\WINDOWS\SYSTEM32\VERSION.dll
0x00007fffa4060000 - 0x00007fffa408a000 	C:\WINDOWS\SYSTEM32\WINMMBASE.dll
0x00007fffa85f0000 - 0x00007fffa863a000 	C:\WINDOWS\System32\cfgmgr32.dll
0x00007fffa4910000 - 0x00007fffa491f000 	C:\Program Files\Java\jre1.8.0_202\bin\verify.dll
0x00007fffa2510000 - 0x00007fffa2539000 	C:\Program Files\Java\jre1.8.0_202\bin\java.dll
0x00007fffa4810000 - 0x00007fffa4826000 	C:\Program Files\Java\jre1.8.0_202\bin\zip.dll

VM Arguments:
jvm_args: -Dfile.encoding=Cp1252 
java_command: application.Program
java_class_path (initial): C:\Users\dmagalhaes\Documents\Workspace_Udemy\08.2 - Enumeracao_Exercicio\bin
Launcher Type: SUN_STANDARD

Environment Variables:
JAVA_HOME=C:\Program Files\Java\jdk1.8.0_202
PATH=C:/Program Files/Java/jre1.8.0_202/bin/server;C:/Program Files/Java/jre1.8.0_202/bin;C:/Program Files/Java/jre1.8.0_202/lib/amd64;C:\Program Files (x86)\Google\Chrome\Application;C:\Program Files (x86)\Common Files\Oracle\Java\javapath;C:\WINDOWS\system32;C:\WINDOWS;C:\WINDOWS\System32\Wbem;C:\WINDOWS\System32\WindowsPowerShell\v1.0\;C:\Program Files\TortoiseSVN\bin;C:\Program Files (x86)\Borland\StarTeam SDK 13.0\Lib;C:\Program Files (x86)\Borland\StarTeam SDK 13.0\Bin;C:\Program Files\Micro Focus\StarTeam Cross-Platform Client 16;C:\Program Files\jEdit;C:\Program Files\Java\jdk1.8.0_202\bin;C:\Program Files\Java\jdk1.8.0_202;C:\Program Files\nodejs\;C:\Users\dmagalhaes\AppData\Local\Microsoft\WindowsApps;C:\Users\dmagalhaes\AppData\Local\Programs\Git\cmd;C:\Users\dmagalhaes\AppData\Local\Programs\Microsoft VS Code\bin;C:\Users\dmagalhaes\AppData\Roaming\npm;C:\Users\dmagalhaes\Downloads;
USERNAME=dmagalhaes
OS=Windows_NT
PROCESSOR_IDENTIFIER=Intel64 Family 6 Model 142 Stepping 9, GenuineIntel



---------------  S Y S T E M  ---------------

OS: Windows 10.0 , 64 bit Build 16299 (10.0.16299.15)

CPU:total 4 (initial active 4) (2 cores per cpu, 2 threads per core) family 6 model 142 stepping 9, cmov, cx8, fxsr, mmx, sse, sse2, sse3, ssse3, sse4.1, sse4.2, popcnt, avx, avx2, aes, clmul, erms, 3dnowpref, lzcnt, ht, tsc, tscinvbit, bmi1, bmi2, adx

Memory: 4k page, physical 8297696k(1482716k free), swap 8297696k(5920k free)

vm_info: Java HotSpot(TM) 64-Bit Server VM (25.202-b08) for windows-amd64 JRE (1.8.0_202-b08), built on Dec 15 2018 19:54:30 by "java_re" with MS VC++ 10.0 (VS2010)

time: Thu Sep 26 15:52:17 2019
timezone: Hora oficial do Brasil
elapsed time: 0 seconds (0d 0h 0m 0s)

